

2022-10-03 09:03:06
{"update_id":144096175,
"message":{"message_id":8054,"from":{"id":5737083007,"is_bot":false,"first_name":"Antonio","language_code":"es"},"chat":{"id":5737083007,"first_name":"Antonio","type":"private"},"date":1664780586,"text":"Gracias"}}



2022-10-23 15:12:12
{"update_id":144096177,
"message":{"message_id":9319,"from":{"id":1230436693,"is_bot":false,"first_name":"Cachipe","language_code":"es"},"chat":{"id":1230436693,"first_name":"Cachipe","type":"private"},"date":1666530733,"text":"B9"}}



2022-10-28 11:36:46
{"update_id":144096181,
"message":{"message_id":9505,"from":{"id":5737083007,"is_bot":false,"first_name":"Antonio","language_code":"es"},"chat":{"id":5737083007,"first_name":"Antonio","type":"private"},"date":1666949806,"text":"Ok"}}



2022-10-29 22:59:34
{"update_id":144096182,
"message":{"message_id":9758,"from":{"id":5737083007,"is_bot":false,"first_name":"Antonio","language_code":"es"},"chat":{"id":5737083007,"first_name":"Antonio","type":"private"},"date":1667077176,"text":"Ok"}}



2022-11-01 00:47:08
{"update_id":144096183,
"message":{"message_id":10054,"from":{"id":5737083007,"is_bot":false,"first_name":"Antonio","language_code":"es"},"chat":{"id":5737083007,"first_name":"Antonio","type":"private"},"date":1667260030,"text":"Gracias"}}



2022-11-01 23:08:48
{"update_id":144096184,
"message":{"message_id":10142,"from":{"id":5737083007,"is_bot":false,"first_name":"Antonio","language_code":"es"},"chat":{"id":5737083007,"first_name":"Antonio","type":"private"},"date":1667340529,"text":"Listo"}}



2022-11-05 20:48:22
{"update_id":144096185,
"message":{"message_id":10420,"from":{"id":5764852398,"is_bot":false,"first_name":"Raquel","last_name":"Matamoros","language_code":"es"},"chat":{"id":5764852398,"first_name":"Raquel","last_name":"Matamoros","type":"private"},"date":1667677704,"text":"Ok"}}



2022-11-11 20:44:00
{"update_id":144096187,
"message":{"message_id":10928,"from":{"id":5737083007,"is_bot":false,"first_name":"Antonio","language_code":"es"},"chat":{"id":5737083007,"first_name":"Antonio","type":"private"},"date":1668195842,"text":"Gracias"}}



2022-11-12 00:55:31
{"update_id":144096188,
"message":{"message_id":11114,"from":{"id":5737083007,"is_bot":false,"first_name":"Antonio","language_code":"es"},"chat":{"id":5737083007,"first_name":"Antonio","type":"private"},"date":1668210933,"text":"Gracias"}}



2022-11-13 20:48:55
{"update_id":144096189,
"message":{"message_id":11527,"from":{"id":5737083007,"is_bot":false,"first_name":"Antonio","language_code":"es"},"chat":{"id":5737083007,"first_name":"Antonio","type":"private"},"date":1668368936,"text":"Gracias"}}



2022-12-22 07:55:43
{"update_id":144096192,
"message":{"message_id":16205,"from":{"id":1201393092,"is_bot":false,"first_name":"Aleh","last_name":"Barbie","language_code":"es"},"chat":{"id":1201393092,"first_name":"Aleh","last_name":"Barbie","type":"private"},"date":1671692143,"text":"H\u00e9ctor letton"}}



2022-12-22 07:56:40
{"update_id":144096193,
"message":{"message_id":16206,"from":{"id":1201393092,"is_bot":false,"first_name":"Aleh","last_name":"Barbie","language_code":"es"},"chat":{"id":1201393092,"first_name":"Aleh","last_name":"Barbie","type":"private"},"date":1671692200,"text":"Wampi 2022"}}



2022-12-22 07:56:54
{"update_id":144096194,
"message":{"message_id":16207,"from":{"id":1201393092,"is_bot":false,"first_name":"Aleh","last_name":"Barbie","language_code":"es"},"chat":{"id":1201393092,"first_name":"Aleh","last_name":"Barbie","type":"private"},"date":1671692214,"text":"Hola"}}



2023-01-01 21:24:22
{"update_id":144096195,
"message":{"message_id":16916,"from":{"id":5764852398,"is_bot":false,"first_name":"Raquel","last_name":"Matamoros","language_code":"es"},"chat":{"id":5764852398,"first_name":"Raquel","last_name":"Matamoros","type":"private"},"date":1672604664,"text":"Ok"}}



2023-01-27 22:39:22
{"update_id":144096196,
"message":{"message_id":20202,"from":{"id":5737083007,"is_bot":false,"first_name":"Antonio","language_code":"es"},"chat":{"id":5737083007,"first_name":"Antonio","type":"private"},"date":1674855564,"text":"Ok"}}



2023-03-01 04:23:43
{"update_id":144096199,
"message":{"message_id":23883,"from":{"id":1461920573,"is_bot":false,"first_name":"El Chino wowo","language_code":"es"},"chat":{"id":1461920573,"first_name":"El Chino wowo","type":"private"},"date":1677641023,"text":"Yomil y el dany"}}



2023-05-12 06:37:36
{"update_id":144096201,
"message":{"message_id":27824,"from":{"id":5095067342,"is_bot":false,"first_name":"Ronaldo\ud83d\udcdb\ud83d\udcdb","language_code":"es"},"chat":{"id":5095067342,"first_name":"Ronaldo\ud83d\udcdb\ud83d\udcdb","type":"private"},"date":1683866259,"text":"Dicelo were"}}



2023-05-12 06:37:57
{"update_id":144096202,
"my_chat_member":{"chat":{"id":5095067342,"first_name":"Ronaldo\ud83d\udcdb\ud83d\udcdb","type":"private"},"from":{"id":5095067342,"is_bot":false,"first_name":"Ronaldo\ud83d\udcdb\ud83d\udcdb","language_code":"es"},"date":1683866279,"old_chat_member":{"user":{"id":5384254233,"is_bot":true,"first_name":"Reparteat","username":"ReparteatBot"},"status":"member"},"new_chat_member":{"user":{"id":5384254233,"is_bot":true,"first_name":"Reparteat","username":"ReparteatBot"},"status":"kicked","until_date":0}}}



2023-05-19 19:39:20
{"update_id":144096204,
"my_chat_member":{"chat":{"id":6280983486,"first_name":"Meurys \ud83d\ude0c","type":"private"},"from":{"id":6280983486,"is_bot":false,"first_name":"Meurys \ud83d\ude0c","language_code":"es"},"date":1684517961,"old_chat_member":{"user":{"id":5384254233,"is_bot":true,"first_name":"Reparteat","username":"ReparteatBot"},"status":"member"},"new_chat_member":{"user":{"id":5384254233,"is_bot":true,"first_name":"Reparteat","username":"ReparteatBot"},"status":"kicked","until_date":0}}}



2023-07-02 13:20:44
{"update_id":144096205,
"message":{"message_id":30836,"from":{"id":5764852398,"is_bot":false,"first_name":"Raquel","last_name":"Matamoros","language_code":"es"},"chat":{"id":5764852398,"first_name":"Raquel","last_name":"Matamoros","type":"private"},"date":1688296844,"text":"Ok"}}



2023-07-15 06:32:22
{"update_id":144096207,
"my_chat_member":{"chat":{"id":6280983486,"first_name":"Meurys \ud83d\ude0c","type":"private"},"from":{"id":6280983486,"is_bot":false,"first_name":"Meurys \ud83d\ude0c","language_code":"es"},"date":1689395541,"old_chat_member":{"user":{"id":5384254233,"is_bot":true,"first_name":"Reparteat","username":"ReparteatBot"},"status":"kicked","until_date":0},"new_chat_member":{"user":{"id":5384254233,"is_bot":true,"first_name":"Reparteat","username":"ReparteatBot"},"status":"member"}}}



2023-07-15 06:32:38
{"update_id":144096208,
"message":{"message_id":31394,"from":{"id":6280983486,"is_bot":false,"first_name":"Meurys \ud83d\ude0c","language_code":"es"},"chat":{"id":6280983486,"first_name":"Meurys \ud83d\ude0c","type":"private"},"date":1689395558,"text":"Hola"}}



2023-07-15 06:33:25
{"update_id":144096210,
"message":{"message_id":31397,"from":{"id":6280983486,"is_bot":false,"first_name":"Meurys \ud83d\ude0c","language_code":"es"},"chat":{"id":6280983486,"first_name":"Meurys \ud83d\ude0c","type":"private"},"date":1689395605,"text":"Que puedo hacer"}}



2023-07-15 06:33:25
{"update_id":144096211,
"message":{"message_id":31398,"from":{"id":6280983486,"is_bot":false,"first_name":"Meurys \ud83d\ude0c","language_code":"es"},"chat":{"id":6280983486,"first_name":"Meurys \ud83d\ude0c","type":"private"},"date":1689395605,"forward_from":{"id":5384254233,"is_bot":true,"first_name":"Reparteat","username":"ReparteatBot"},"forward_date":1689395581,"text":"Ya tiene creado un chat con RepartEat. ID = 6280983486"}}



2023-07-15 06:33:37
{"update_id":144096212,
"my_chat_member":{"chat":{"id":6280983486,"first_name":"Meurys \ud83d\ude0c","type":"private"},"from":{"id":6280983486,"is_bot":false,"first_name":"Meurys \ud83d\ude0c","language_code":"es"},"date":1689395618,"old_chat_member":{"user":{"id":5384254233,"is_bot":true,"first_name":"Reparteat","username":"ReparteatBot"},"status":"member"},"new_chat_member":{"user":{"id":5384254233,"is_bot":true,"first_name":"Reparteat","username":"ReparteatBot"},"status":"kicked","until_date":0}}}



2023-09-06 13:54:57
{"update_id":144096213,
"my_chat_member":{"chat":{"id":1050943044,"first_name":"Claudia","last_name":"Pinto","type":"private"},"from":{"id":1050943044,"is_bot":false,"first_name":"Claudia","last_name":"Pinto","language_code":"es"},"date":1694001298,"old_chat_member":{"user":{"id":5384254233,"is_bot":true,"first_name":"Reparteat","username":"ReparteatBot"},"status":"member"},"new_chat_member":{"user":{"id":5384254233,"is_bot":true,"first_name":"Reparteat","username":"ReparteatBot"},"status":"kicked","until_date":0}}}



2023-09-07 21:10:26
{"update_id":144096214,
"my_chat_member":{"chat":{"id":1050943044,"first_name":"Claudia","last_name":"Pinto","type":"private"},"from":{"id":1050943044,"is_bot":false,"first_name":"Claudia","last_name":"Pinto","language_code":"es"},"date":1694113827,"old_chat_member":{"user":{"id":5384254233,"is_bot":true,"first_name":"Reparteat","username":"ReparteatBot"},"status":"kicked","until_date":0},"new_chat_member":{"user":{"id":5384254233,"is_bot":true,"first_name":"Reparteat","username":"ReparteatBot"},"status":"member"}}}

