

ERROR:05-12-2019 13:41:31





ERROR:05-12-2019 13:41:31





05-12-2019 13:43:04
1000001
Tiempo de espera agotago
REF: 1000001



05-12-2019 13:43:04
1000000
Tiempo de espera agotago
REF: 1000000



05-12-2019 18:17:01
1000000
Tiempo de espera agotago
REF: 1000000



05-12-2019 18:17:01
1000001
Tiempo de espera agotago
REF: 1000001



05-12-2019 18:28:01
1000000
Tiempo de espera agotago
REF: 1000000



05-12-2019 18:28:01
1000001
Tiempo de espera agotago
REF: 1000001



05-12-2019 18:32:01
1000001
Tiempo de espera agotago
REF: 1000001



05-12-2019 18:36:01
1000000
Tiempo de espera agotago
REF: 1000000



06-12-2019 11:19:01
1000017
Tiempo de espera agotago
REF: 1000017



07-12-2019 12:01:02
1000025
Tiempo de espera agotago
REF: 1000025



07-12-2019 21:03:01
1000009
Tiempo de espera agotago
REF: 1000009



08-12-2019 22:33:01
1000024
Tiempo de espera agotago
REF: 1000024



08-12-2019 23:03:02
1000026
Tiempo de espera agotago
REF: 1000026



13-12-2019 22:00:01
1000032
Tiempo de espera agotago
REF: 1000032



13-12-2019 22:09:02
1000033
Tiempo de espera agotago
REF: 1000033



13-12-2019 23:19:01
1000040
Tiempo de espera agotago
REF: 1000040



15-12-2019 22:02:02
1000059
Tiempo de espera agotago
REF: 1000059



24-01-2020 22:07:01
1000233
Tiempo de espera agotago
REF: 1000233



24-01-2020 22:25:01
1000239
Tiempo de espera agotago
REF: 1000239



24-01-2020 22:32:01
1000240
Tiempo de espera agotago
REF: 1000240



24-01-2020 22:43:01
1000241
Tiempo de espera agotago
REF: 1000241



24-01-2020 23:06:01
1000245
Tiempo de espera agotago
REF: 1000245



24-01-2020 23:20:01
1000246
Tiempo de espera agotago
REF: 1000246



25-01-2020 21:17:01
1000250
Tiempo de espera agotago
REF: 1000250



25-01-2020 21:27:03
1000251
Tiempo de espera agotago
REF: 1000251



25-01-2020 21:29:02
1000253
Tiempo de espera agotago
REF: 1000253



26-01-2020 21:40:02
1000280
Tiempo de espera agotago
REF: 1000280



26-01-2020 21:40:02
1000281
Tiempo de espera agotago
REF: 1000281



26-01-2020 21:52:01
1000284
Tiempo de espera agotago
REF: 1000284



31-01-2020 22:10:02
1000303
Tiempo de espera agotago
REF: 1000303



31-01-2020 22:17:03
1000305
Tiempo de espera agotago
REF: 1000305



31-01-2020 22:17:03
1000306
Tiempo de espera agotago
REF: 1000306



31-01-2020 22:45:02
1000310
Tiempo de espera agotago
REF: 1000310



21-02-2020 18:01:01
1000433
Tiempo de espera agotago
REF: 1000433



21-02-2020 21:09:02
1000435
Tiempo de espera agotago
REF: 1000435



22-02-2020 21:45:01
1000455
Tiempo de espera agotago
REF: 1000455



22-02-2020 21:46:02
1000456
Tiempo de espera agotago
REF: 1000456



22-02-2020 21:57:03
1000457
Tiempo de espera agotago
REF: 1000457



28-02-2020 21:13:02
1000476
Tiempo de espera agotago
REF: 1000476



14-03-2020 22:30:01
1000573
Tiempo de espera agotago
REF: 1000573



04-04-2020 22:16:01
1000734
Tiempo de espera agotago
REF: 1000734



18-04-2020 14:15:02
1000856
Tiempo de espera agotago
REF: 1000856



01-05-2020 22:01:01
1001037
Tiempo de espera agotago
REF: 1001037



02-05-2020 12:02:02
1001060
Tiempo de espera agotago
REF: 1001060



10-05-2020 13:09:01
1001267
Tiempo de espera agotago
REF: 1001267



16-05-2020 21:31:02
1001348
Tiempo de espera agotago
REF: 1001348



16-05-2020 22:40:01
1001374
Tiempo de espera agotago
REF: 1001374



ERROR:10-02-2023 21:12:01
1024499




ERROR:17-02-2023 22:59:02
1024876




ERROR:03-03-2023 21:54:01
1025452




ERROR:03-03-2023 21:54:01
1025453




ERROR:03-03-2023 21:54:01
1025454




ERROR:03-03-2023 21:54:01
1025455




ERROR:03-03-2023 21:54:01
1025456




ERROR:03-03-2023 21:54:01
1025457




ERROR:11-03-2023 21:09:02
1025725




ERROR:11-03-2023 22:31:01
1025765




ERROR:31-03-2023 23:30:01
1026324




ERROR:01-04-2023 21:02:02
1026345




ERROR:07-04-2023 21:04:01
1026429




ERROR:16-04-2023 13:20:01
1026712




ERROR:22-04-2023 13:14:01
1026855




ERROR:30-04-2023 21:42:01
1027145




ERROR:13-05-2023 21:01:02
1027306




ERROR:11-06-2023 22:28:02
1028252




ERROR:30-06-2023 22:18:01
1028663




ERROR:11-07-2023 19:00:01
1029026




ERROR:16-07-2023 14:40:01
1029126




ERROR:21-07-2023 21:10:01
1029193




ERROR:21-07-2023 21:20:01
1029197




ERROR:22-07-2023 21:07:01
1029240




ERROR:23-07-2023 14:20:02
1029286




ERROR:23-07-2023 14:22:02
1029288




ERROR:28-07-2023 21:31:02
1029366




ERROR:30-07-2023 21:14:01
1029474




ERROR:30-07-2023 21:52:02
1029487




ERROR:02-08-2023 19:05:01
1029510




ERROR:02-08-2023 19:07:01
1029511




ERROR:02-08-2023 19:16:01
1029512




ERROR:04-08-2023 22:09:01
1029549




ERROR:05-08-2023 23:28:02
1029607




ERROR:06-08-2023 13:35:01
1029610




ERROR:06-08-2023 21:37:01
1029635




ERROR:06-08-2023 22:28:01
1029650




ERROR:10-08-2023 20:46:01
1029668




ERROR:19-08-2023 14:35:02
1029827




ERROR:20-08-2023 21:13:01
1029900




ERROR:25-08-2023 21:22:01
1029966




ERROR:16-09-2023 13:44:01
1030375




ERROR:16-09-2023 13:55:01
1030376




ERROR:23-09-2023 21:42:01
1030572




ERROR:24-09-2023 22:31:01
1030646




ERROR:24-09-2023 22:54:02
1030649


